\BOOKMARK [0][-]{chapter.1}{\376\377\000C\000o\000n\000t\000r\000i\000b\000u\000e\000z\000\040\000\340\000\040\000n\000o\000t\000r\000e\000\040\000p\000r\000o\000j\000e\000t\000\040\000!}{}% 1
\BOOKMARK [0][-]{chapter.2}{\376\377\000T\000a\000b\000l\000e\000\040\000d\000e\000s\000\040\000m\000a\000t\000i\000\350\000r\000e\000s}{}% 2
\BOOKMARK [1][-]{section.2.1}{\376\377\000I\000n\000t\000r\000o\000d\000u\000c\000t\000i\000o\000n\000\040\000G\000\351\000n\000\351\000r\000a\000l\000e\000\040\000\340\000\040\000l\040\031\000A\000p\000p\000r\000e\000n\000t\000i\000s\000s\000a\000g\000e\000\040\000A\000u\000t\000o\000m\000a\000t\000i\000q\000u\000e}{chapter.2}% 3
\BOOKMARK [2][-]{subsection.2.1.1}{\376\377\000C\040\031\000e\000s\000t\000\040\000q\000u\000o\000i\000\040\000A\000p\000p\000r\000e\000n\000t\000i\000s\000s\000a\000g\000e\000\040\000A\000u\000t\000o\000m\000a\000t\000i\000q\000u\000e\000?}{section.2.1}% 4
\BOOKMARK [2][-]{subsection.2.1.2}{\376\377\000C\000o\000n\000v\000e\000n\000t\000i\000o\000n\000\040\000M\000a\000t\000h\000\351\000m\000a\000t\000i\000q\000u\000e\000s\000\040\000p\000o\000u\000r\000\040\000l\000e\000\040\000d\000o\000c\000u\000m\000e\000n\000t}{section.2.1}% 5
\BOOKMARK [1][-]{section.2.2}{\376\377\000P\000r\000\351\000-\000r\000e\000q\000u\000i\000s}{chapter.2}% 6
\BOOKMARK [2][-]{subsection.2.2.1}{\376\377\000L\000a\000n\000g\000a\000g\000e\000\040\000P\000y\000t\000h\000o\000n\000\040\000e\000t\000\040\000s\000e\000s\000\040\000L\000i\000b\000r\000a\000i\000r\000i\000e\000s}{section.2.2}% 7
\BOOKMARK [3][-]{subsubsection*.3}{\376\377\000I\000n\000s\000t\000a\000l\000l\000a\000t\000i\000o\000n\000\040\000d\000e\000\040\000P\000y\000t\000h\000o\000n\000\040\000e\000t\000\040\000A\000n\000a\000c\000o\000n\000d\000a}{subsection.2.2.1}% 8
\BOOKMARK [3][-]{subsubsection*.8}{\376\377\000P\000r\000i\000s\000e\000\040\000e\000n\000\040\000m\000a\000i\000n\000\040\000d\000e\000\040\000P\000y\000t\000h\000o\000n}{subsection.2.2.1}% 9
\BOOKMARK [4][-]{paragraph*.10}{\376\377\000P\000y\000t\000h\000o\000n\000\040\000p\000o\000u\000r\000\040\000l\000e\000s\000\040\000d\000e\000b\000u\000t\000a\000n\000t\000s\000\040\000:\000\040\000N\000o\000t\000i\000o\000n\000s\000\040\000d\000e\000\040\000b\000a\000s\000e\000s\000\040\000d\000u\000\040\000p\000y\000t\000h\000o\000n}{subsubsection*.8}% 10
\BOOKMARK [5][-]{subparagraph*.11}{\376\377\000L\000e\000s\000\040\000n\000o\000m\000b\000r\000e\000s\000\040\000a\000v\000e\000c\000\040\000P\000y\000t\000h\000o\000n\000!}{paragraph*.10}% 11
\BOOKMARK [5][-]{subparagraph*.12}{\376\377\000L\000e\000s\000\040\000t\000y\000p\000e\000s\000\040\000d\000e\000\040\000n\000o\000m\000b\000r\000e\000s}{paragraph*.10}% 12
\BOOKMARK [5][-]{subparagraph*.13}{\376\377\000O\000r\000d\000r\000e\000\040\000d\000e\000\040\000p\000r\000i\000o\000r\000i\000t\000e}{paragraph*.10}% 13
\BOOKMARK [5][-]{subparagraph*.14}{\376\377\000L\000e\000s\000\040\000v\000a\000r\000i\000a\000b\000l\000e\000s}{paragraph*.10}% 14
\BOOKMARK [2][-]{subsection.2.2.2}{\376\377\000L\000e\000s\000\040\000B\000a\000s\000e\000s\000\040\000M\000a\000t\000h\000\351\000m\000a\000t\000i\000q\000u\000e\000s\000\040\000p\000o\000u\000r\000\040\000l\040\031\000A\000p\000p\000r\000e\000n\000t\000i\000s\000s\000a\000g\000e\000\040\000A\000u\000t\000o\000m\000a\000t\000i\000q\000u\000e}{section.2.2}% 15
\BOOKMARK [3][-]{subsubsection*.15}{\376\377\000A\000l\000g\000\350\000b\000r\000e\000\040\000l\000i\000n\000\351\000a\000i\000r\000e\000\040\000e\000t\000\040\000A\000n\000a\000l\000y\000s\000e}{subsection.2.2.2}% 16
\BOOKMARK [4][-]{paragraph*.17}{\376\377\000E\000x\000e\000m\000p\000l\000e\000s\000\040\000d\000e\000\040\000d\000i\000s\000t\000a\000n\000c\000e\000s\000.}{subsubsection*.15}% 17
\BOOKMARK [3][-]{subsubsection*.18}{\376\377\000C\000a\000l\000c\000u\000l\000\040\000d\000u\000\040\000g\000r\000a\000d\000i\000e\000n\000t\000\040\000\050\000d\000\351\000r\000i\000v\000a\000t\000i\000o\000n\000\051\000.}{subsection.2.2.2}% 18
\BOOKMARK [4][-]{paragraph*.19}{\376\377\000D\000\351\000r\000i\000v\000\351\000e\000s\000\040\000d\000e\000\040\000f\000o\000n\000c\000t\000i\000o\000n\000s\000\040\000c\000o\000m\000p\000o\000s\000\351\000e\000s\000.}{subsubsection*.18}% 19
\BOOKMARK [3][-]{subsubsection*.20}{\376\377\000P\000r\000o\000b\000a\000b\000i\000l\000i\000t\000\351\000s}{subsection.2.2.2}% 20
\BOOKMARK [4][-]{paragraph*.21}{\376\377\000I\000n\000d\000\351\000p\000e\000n\000d\000a\000n\000c\000e\000\040\000e\000t\000\040\000c\000o\000n\000d\000i\000t\000i\000o\000n\000n\000e\000m\000e\000n\000t\000.}{subsubsection*.20}% 21
\BOOKMARK [4][-]{paragraph*.22}{\376\377\000V\000a\000r\000i\000a\000b\000l\000e\000s\000\040\000a\000l\000\351\000a\000t\000o\000i\000r\000e\000s\000.}{subsubsection*.20}% 22
\BOOKMARK [4][-]{paragraph*.23}{\376\377\000V\000a\000r\000i\000a\000b\000l\000e\000\040\000a\000l\000\351\000a\000t\000o\000i\000r\000e\000\040\000d\000i\000s\000c\000r\000\350\000t\000e}{subsubsection*.20}% 23
\BOOKMARK [4][-]{paragraph*.24}{\376\377\000V\000a\000r\000i\000a\000b\000l\000e\000\040\000a\000l\000\351\000a\000t\000o\000i\000r\000e\000\040\000c\000o\000n\000t\000i\000n\000u\000e}{subsubsection*.20}% 24
\BOOKMARK [4][-]{paragraph*.25}{\376\377\000L\000o\000i\000\040\000d\000e\000s\000\040\000g\000r\000a\000n\000d\000s\000\040\000n\000o\000m\000b\000r\000e\000s}{subsubsection*.20}% 25
\BOOKMARK [4][-]{paragraph*.26}{\376\377\000I\000n\000t\000e\000r\000v\000a\000l\000l\000e\000s\000\040\000d\000e\000\040\000c\000o\000n\000f\000i\000a\000n\000c\000e}{subsubsection*.20}% 26
\BOOKMARK [3][-]{subsubsection*.27}{\376\377\000E\000s\000t\000i\000m\000a\000t\000i\000o\000n\000s\000\040\000p\000a\000r\000a\000m\000\351\000t\000r\000i\000q\000u\000e\000s}{subsection.2.2.2}% 27
\BOOKMARK [4][-]{paragraph*.28}{\376\377\000E\000s\000t\000i\000m\000a\000t\000i\000o\000n\000\040\000p\000a\000r\000\040\000l\000a\000\040\000m\000\351\000t\000h\000o\000d\000e\000\040\000d\000e\000s\000\040\000m\000o\000m\000e\000n\000t\000s}{subsubsection*.27}% 28
\BOOKMARK [4][-]{paragraph*.29}{\376\377\000E\000s\000t\000i\000m\000a\000t\000i\000o\000n\000\040\000p\000a\000r\000\040\000m\000a\000x\000i\000m\000u\000m\000\040\000d\000e\000\040\000v\000r\000a\000i\000s\000e\000m\000b\000l\000a\000n\000c\000e}{subsubsection*.27}% 29
\BOOKMARK [1][-]{section.2.3}{\376\377\000A\000p\000p\000r\000e\000n\000t\000i\000s\000s\000a\000g\000e\000\040\000S\000u\000p\000e\000r\000v\000i\000s\000\351}{chapter.2}% 30
\BOOKMARK [2][-]{subsection.2.3.1}{\376\377\000P\000r\000o\000b\000l\000\350\000m\000e\000s\000\040\000d\000e\000\040\000R\000\351\000g\000r\000e\000s\000s\000i\000o\000n}{section.2.3}% 31
\BOOKMARK [3][-]{subsubsection*.30}{\376\377\000L\000a\000\040\000R\000\351\000g\000r\000e\000s\000s\000i\000o\000n\000\040\000L\000i\000n\000\351\000a\000i\000r\000e}{subsection.2.3.1}% 32
\BOOKMARK [4][-]{paragraph*.31}{\376\377\000L\000a\000\040\000r\000\351\000g\000r\000e\000s\000s\000i\000o\000n\000\040\000l\000i\000n\000\351\000a\000i\000r\000e\000\040\000a\000f\000f\000i\000n\000e}{subsubsection*.30}% 33
\BOOKMARK [4][-]{paragraph*.32}{\376\377\000D\000e\000s\000c\000e\000n\000t\000e\000\040\000d\000e\000\040\000g\000r\000a\000d\000i\000e\000n\000t\000\040\000\173\000G\000D\000\175}{subsubsection*.30}% 34
\BOOKMARK [4][-]{paragraph*.34}{\376\377\000L\000a\000\040\000r\000\351\000g\000r\000e\000s\000s\000i\000o\000n\000\040\000l\000i\000n\000\351\000a\000i\000r\000e\000\040\000p\000o\000l\000y\000n\000o\000m\000i\000a\000l\000e}{subsubsection*.30}% 35
\BOOKMARK [2][-]{subsection.2.3.2}{\376\377\000L\000e\000s\000\040\000P\000r\000o\000b\000l\000\350\000m\000e\000s\000\040\000d\000e\000\040\000C\000l\000a\000s\000s\000i\000f\000i\000c\000a\000t\000i\000o\000n}{section.2.3}% 36
\BOOKMARK [3][-]{subsubsection*.35}{\376\377\000L\040\031\000a\000l\000g\000o\000r\000i\000t\000h\000m\000e\000\040\000d\000e\000s\000\040\000K\000\040\000p\000l\000u\000s\000\040\000p\000r\000o\000c\000h\000e\000s\000\040\000v\000o\000i\000s\000i\000n\000s\000\040\000\050\000K\000-\000N\000N\000\051}{subsection.2.3.2}% 37
\BOOKMARK [4][-]{paragraph*.36}{\376\377\000A\000l\000g\000o\000r\000i\000t\000h\000m\000e}{subsubsection*.35}% 38
\BOOKMARK [4][-]{paragraph*.37}{\376\377\000C\000o\000m\000m\000e\000n\000t\000\040\000c\000h\000o\000i\000s\000i\000r\000\040\000l\000a\000\040\000v\000a\000l\000e\000u\000r\000\040\000d\000e\000\040\000K\000\040\000?}{subsubsection*.35}% 39
\BOOKMARK [4][-]{paragraph*.38}{\376\377\000L\000e\000s\000\040\000a\000v\000a\000n\000t\000a\000g\000e\000s\000\040\000d\000e\000\040\000l\040\031\000a\000l\000g\000o\000r\000i\000t\000h\000m\000e\000\040\000d\000e\000\040\000K\000-\000N\000N}{subsubsection*.35}% 40
\BOOKMARK [4][-]{paragraph*.39}{\376\377\000L\000e\000s\000\040\000l\000i\000m\000i\000t\000a\000t\000i\000o\000n\000s\000\040\000d\000e\000\040\000l\040\031\000a\000l\000g\000o\000r\000i\000t\000h\000m\000e\000\040\000d\000e\000\040\000K\000-\000N\000N}{subsubsection*.35}% 41
\BOOKMARK [4][-]{paragraph*.40}{\376\377\000E\000x\000e\000m\000p\000l\000e\000\040\000p\000r\000a\000t\000i\000q\000u\000e}{subsubsection*.35}% 42
\BOOKMARK [3][-]{subsubsection*.41}{\376\377\000L\040\031\000a\000l\000g\000o\000r\000i\000t\000h\000m\000e\000\040\000d\000u\000\040\000P\000e\000r\000c\000e\000p\000t\000r\000o\000n}{subsection.2.3.2}% 43
\BOOKMARK [3][-]{subsubsection*.43}{\376\377\000L\000a\000\040\000R\000\351\000g\000r\000e\000s\000s\000i\000o\000n\000\040\000L\000o\000g\000i\000s\000t\000i\000q\000u\000e}{subsection.2.3.2}% 44
\BOOKMARK [4][-]{paragraph*.44}{\376\377\000L\000a\000\040\000r\000\351\000g\000r\000e\000s\000s\000i\000o\000n\000\040\000l\000o\000g\000i\000s\000t\000i\000q\000u\000e\000\040\000b\000i\000n\000a\000i\000r\000e}{subsubsection*.43}% 45
\BOOKMARK [3][-]{subsubsection*.45}{\376\377\000L\000a\000\040\000f\000o\000n\000c\000t\000i\000o\000n\000\040\000S\000i\000g\000m\000o\000\357\000d\000e\000\040\000e\000t\000\040\000s\000e\000s\000\040\000p\000r\000o\000p\000r\000i\000\351\000t\000\351\000s}{subsection.2.3.2}% 46
\BOOKMARK [4][-]{paragraph*.46}{\376\377\000E\000s\000t\000i\000m\000a\000t\000i\000o\000n\000\040\000d\000u\000\040\000m\000a\000x\000i\000m\000u\000m\000\040\000d\000e\000\040\000v\000r\000a\000i\000s\000e\000m\000b\000l\000a\000n\000c\000e}{subsubsection*.45}% 47
\BOOKMARK [4][-]{paragraph*.47}{\376\377\000C\000a\000s\000\040\000p\000r\000a\000t\000i\000q\000u\000e}{subsubsection*.45}% 48
\BOOKMARK [3][-]{subsubsection*.48}{\376\377\000R\000\351\000g\000r\000e\000s\000s\000i\000o\000n\000\040\000l\000o\000g\000i\000s\000t\000i\000q\000u\000e\000\040\000m\000u\000l\000t\000i\000n\000o\000m\000i\000a\000l\000e}{subsection.2.3.2}% 49
\BOOKMARK [3][-]{subsubsection*.49}{\376\377\000L\000a\000\040\000f\000o\000n\000c\000t\000i\000o\000n\000\040\000S\000o\000f\000t\000m\000a\000x\000\040\000e\000t\000\040\000s\000e\000s\000\040\000p\000r\000o\000p\000r\000i\000\351\000t\000\351\000s}{subsection.2.3.2}% 50
\BOOKMARK [3][-]{subsubsection*.50}{\376\377\000E\000s\000t\000i\000m\000a\000t\000i\000o\000n\000\040\000d\000u\000\040\000m\000a\000x\000i\000m\000u\000m\000\040\000d\000e\000\040\000v\000r\000a\000i\000s\000e\000m\000b\000l\000a\000n\000c\000e}{subsection.2.3.2}% 51
\BOOKMARK [3][-]{subsubsection*.51}{\376\377\000N\000a\000\357\000v\000e\000\040\000B\000a\000y\000e\000s}{subsection.2.3.2}% 52
\BOOKMARK [4][-]{paragraph*.52}{\376\377\000E\000n\000t\000r\000a\000\356\000n\000e\000m\000e\000n\000t\000\040\000d\000u\000\040\000N\000a\000\357\000v\000e\000\040\000B\000a\000y\000e\000s\000\040\000\050\000E\000x\000e\000m\000p\000l\000e\000\040\000P\000r\000a\000t\000i\000q\000u\000e\000\051}{subsubsection*.51}% 53
\BOOKMARK [1][-]{section.2.4}{\376\377\000B\000i\000b\000l\000i\000o\000g\000r\000a\000p\000h\000y}{chapter.2}% 54
\BOOKMARK [0][-]{chapter*.53}{\376\377\000B\000i\000b\000l\000i\000o\000g\000r\000a\000p\000h\000y}{}% 55
